2025-12-11 23:09:17,216 INFO: Sitemap parsed: 21 URLs
2025-12-11 23:09:17,373 INFO: Crawling https://www.elevanceskills.com/projects/learn-to-build-a-real-time-website-like-youtube (1/150)
2025-12-11 23:09:37,472 INFO: Sitemap parsed: 21 URLs
2025-12-11 23:09:37,535 INFO: Sitemap parsed: 21 URLs
2025-12-11 23:09:38,056 WARNING: Timeout loading https://www.elevanceskills.com/projects/learn-to-build-a-real-time-website-like-youtube
2025-12-11 23:09:38,882 INFO: Crawling https://www.elevanceskills.com/blog (2/150)
2025-12-11 23:09:40,816 INFO: Crawling https://www.elevanceskills.com/projects/learn-to-build-a-real-time-website-like-youtube (1/150)
2025-12-11 23:09:42,280 INFO: Crawling https://www.elevanceskills.com/projects/learn-to-build-a-real-time-website-like-youtube (1/150)
2025-12-11 23:09:59,390 WARNING: Timeout loading https://www.elevanceskills.com/blog
2025-12-11 23:10:00,221 INFO: Crawling https://www.elevanceskills.com/projects/learn-to-build-real-time-website-like-make-my-trip-spring-boot-java (3/150)
2025-12-11 23:10:01,084 WARNING: Timeout loading https://www.elevanceskills.com/projects/learn-to-build-a-real-time-website-like-youtube
2025-12-11 23:10:01,913 INFO: Crawling https://www.elevanceskills.com/blog (2/150)
2025-12-11 23:10:02,539 WARNING: Timeout loading https://www.elevanceskills.com/projects/learn-to-build-a-real-time-website-like-youtube
2025-12-11 23:10:03,365 INFO: Crawling https://www.elevanceskills.com/blog (2/150)
2025-12-11 23:10:20,523 WARNING: Timeout loading https://www.elevanceskills.com/projects/learn-to-build-real-time-website-like-make-my-trip-spring-boot-java
2025-12-11 23:10:21,352 INFO: Crawling https://www.elevanceskills.com/contact (4/150)
2025-12-11 23:10:22,151 WARNING: Timeout loading https://www.elevanceskills.com/blog
2025-12-11 23:10:22,979 INFO: Crawling https://www.elevanceskills.com/projects/learn-to-build-real-time-website-like-make-my-trip-spring-boot-java (3/150)
2025-12-11 23:10:23,617 WARNING: Timeout loading https://www.elevanceskills.com/blog
2025-12-11 23:10:24,448 INFO: Crawling https://www.elevanceskills.com/projects/learn-to-build-real-time-website-like-make-my-trip-spring-boot-java (3/150)
2025-12-11 23:10:35,328 INFO: Crawling https://www.elevanceskills.com/about (5/150)
2025-12-11 23:10:35,865 INFO: Crawling https://www.elevanceskills.com/contact (4/150)
2025-12-11 23:10:39,924 INFO: Crawling https://www.elevanceskills.com/contact (4/150)
2025-12-11 23:10:55,631 WARNING: Timeout loading https://www.elevanceskills.com/about
2025-12-11 23:10:56,106 WARNING: Timeout loading https://www.elevanceskills.com/contact
2025-12-11 23:10:56,472 INFO: Crawling https://www.elevanceskills.com/terms (6/150)
2025-12-11 23:10:56,937 INFO: Crawling https://www.elevanceskills.com/about (5/150)
2025-12-11 23:11:00,168 WARNING: Timeout loading https://www.elevanceskills.com/contact
2025-12-11 23:11:00,998 INFO: Crawling https://www.elevanceskills.com/about (5/150)
2025-12-11 23:11:17,170 WARNING: Timeout loading https://www.elevanceskills.com/about
2025-12-11 23:11:17,797 INFO: Crawling https://www.elevanceskills.com/projects/learn-to-hack-a-real-time-android-os-QP-Jgfo4M (7/150)
2025-12-11 23:11:18,003 INFO: Crawling https://www.elevanceskills.com/terms (6/150)
2025-12-11 23:11:21,246 WARNING: Timeout loading https://www.elevanceskills.com/about
2025-12-11 23:11:22,082 INFO: Crawling https://www.elevanceskills.com/terms (6/150)
2025-12-11 23:11:29,092 INFO: Crawling https://www.elevanceskills.com/projects/learn-to-hack-a-real-time-android-os-QP-Jgfo4M (7/150)
2025-12-11 23:11:31,097 INFO: Crawling https://www.elevanceskills.com/projects/learn-to-hack-a-real-time-android-os-QP-Jgfo4M (7/150)
2025-12-11 23:11:38,096 WARNING: Timeout loading https://www.elevanceskills.com/projects/learn-to-hack-a-real-time-android-os-QP-Jgfo4M
2025-12-11 23:11:38,928 INFO: Crawling https://www.elevanceskills.com/projects/real-time-google-play-store-data-analytics-python (8/150)
2025-12-11 23:11:49,359 WARNING: Timeout loading https://www.elevanceskills.com/projects/learn-to-hack-a-real-time-android-os-QP-Jgfo4M
2025-12-11 23:11:50,189 INFO: Crawling https://www.elevanceskills.com/projects/real-time-google-play-store-data-analytics-python (8/150)
2025-12-11 23:11:51,332 WARNING: Timeout loading https://www.elevanceskills.com/projects/learn-to-hack-a-real-time-android-os-QP-Jgfo4M
2025-12-11 23:11:52,163 INFO: Crawling https://www.elevanceskills.com/projects/real-time-google-play-store-data-analytics-python (8/150)
2025-12-11 23:11:59,161 WARNING: Timeout loading https://www.elevanceskills.com/projects/real-time-google-play-store-data-analytics-python
2025-12-11 23:11:59,991 INFO: Crawling https://www.elevanceskills.com/projects/learn-to-build-a-real-time-gen-ai-customer-support (9/150)
2025-12-11 23:12:10,422 WARNING: Timeout loading https://www.elevanceskills.com/projects/real-time-google-play-store-data-analytics-python
2025-12-11 23:12:11,250 INFO: Crawling https://www.elevanceskills.com/projects/learn-to-build-a-real-time-gen-ai-customer-support (9/150)
2025-12-11 23:12:12,396 WARNING: Timeout loading https://www.elevanceskills.com/projects/real-time-google-play-store-data-analytics-python
2025-12-11 23:12:13,220 INFO: Crawling https://www.elevanceskills.com/projects/learn-to-build-a-real-time-gen-ai-customer-support (9/150)
2025-12-11 23:12:20,226 WARNING: Timeout loading https://www.elevanceskills.com/projects/learn-to-build-a-real-time-gen-ai-customer-support
2025-12-11 23:12:21,048 INFO: Crawling https://www.elevanceskills.com/projects/real-time-security-operations-center-soc-project (10/150)
2025-12-11 23:12:31,486 WARNING: Timeout loading https://www.elevanceskills.com/projects/learn-to-build-a-real-time-gen-ai-customer-support
2025-12-11 23:12:32,316 INFO: Crawling https://www.elevanceskills.com/projects/real-time-security-operations-center-soc-project (10/150)
2025-12-11 23:12:33,450 WARNING: Timeout loading https://www.elevanceskills.com/projects/learn-to-build-a-real-time-gen-ai-customer-support
2025-12-11 23:12:34,292 INFO: Crawling https://www.elevanceskills.com/projects/real-time-security-operations-center-soc-project (10/150)
2025-12-11 23:12:41,277 WARNING: Timeout loading https://www.elevanceskills.com/projects/real-time-security-operations-center-soc-project
2025-12-11 23:12:42,106 INFO: Crawling https://www.elevanceskills.com/projects/learn-to-build-real-time-sales-dashboard-google-looker (11/150)
2025-12-11 23:12:52,549 WARNING: Timeout loading https://www.elevanceskills.com/projects/real-time-security-operations-center-soc-project
2025-12-11 23:12:53,379 INFO: Crawling https://www.elevanceskills.com/projects/learn-to-build-real-time-sales-dashboard-google-looker (11/150)
2025-12-11 23:12:54,530 WARNING: Timeout loading https://www.elevanceskills.com/projects/real-time-security-operations-center-soc-project
2025-12-11 23:12:55,362 INFO: Crawling https://www.elevanceskills.com/projects/learn-to-build-real-time-sales-dashboard-google-looker (11/150)
2025-12-11 23:13:02,339 WARNING: Timeout loading https://www.elevanceskills.com/projects/learn-to-build-real-time-sales-dashboard-google-looker
2025-12-11 23:13:03,171 INFO: Crawling https://www.elevanceskills.com/projects (12/150)
2025-12-11 23:13:13,612 WARNING: Timeout loading https://www.elevanceskills.com/projects/learn-to-build-real-time-sales-dashboard-google-looker
2025-12-11 23:13:14,439 INFO: Crawling https://www.elevanceskills.com/projects (12/150)
2025-12-11 23:13:15,597 WARNING: Timeout loading https://www.elevanceskills.com/projects/learn-to-build-real-time-sales-dashboard-google-looker
2025-12-11 23:13:16,423 INFO: Crawling https://www.elevanceskills.com/projects (12/150)
2025-12-11 23:13:23,404 WARNING: Timeout loading https://www.elevanceskills.com/projects
2025-12-11 23:13:24,232 INFO: Crawling https://www.elevanceskills.com/ (13/150)
2025-12-11 23:13:34,666 WARNING: Timeout loading https://www.elevanceskills.com/projects
2025-12-11 23:13:35,498 INFO: Crawling https://www.elevanceskills.com/ (13/150)
2025-12-11 23:13:36,659 WARNING: Timeout loading https://www.elevanceskills.com/projects
2025-12-11 23:13:37,488 INFO: Crawling https://www.elevanceskills.com/ (13/150)
2025-12-11 23:13:44,463 WARNING: Timeout loading https://www.elevanceskills.com/
2025-12-11 23:13:45,295 INFO: Crawling https://www.elevanceskills.com/projects/learn-to-build-a-real-time-application-for-gender-and-age-detector (14/150)
2025-12-11 23:13:55,734 WARNING: Timeout loading https://www.elevanceskills.com/
2025-12-11 23:13:56,560 INFO: Crawling https://www.elevanceskills.com/projects/learn-to-build-a-real-time-application-for-gender-and-age-detector (14/150)
2025-12-11 23:13:57,723 WARNING: Timeout loading https://www.elevanceskills.com/
2025-12-11 23:13:58,548 INFO: Crawling https://www.elevanceskills.com/projects/learn-to-build-a-real-time-application-for-gender-and-age-detector (14/150)
2025-12-11 23:14:05,545 WARNING: Timeout loading https://www.elevanceskills.com/projects/learn-to-build-a-real-time-application-for-gender-and-age-detector
2025-12-11 23:14:06,378 INFO: Crawling https://www.elevanceskills.com/projects/learn-to-hack-real-time-operating-systems (15/150)
2025-12-11 23:14:16,795 WARNING: Timeout loading https://www.elevanceskills.com/projects/learn-to-build-a-real-time-application-for-gender-and-age-detector
2025-12-11 23:14:17,625 INFO: Crawling https://www.elevanceskills.com/projects/learn-to-hack-real-time-operating-systems (15/150)
2025-12-11 23:14:18,785 WARNING: Timeout loading https://www.elevanceskills.com/projects/learn-to-build-a-real-time-application-for-gender-and-age-detector
2025-12-11 23:14:19,612 INFO: Crawling https://www.elevanceskills.com/projects/learn-to-hack-real-time-operating-systems (15/150)
2025-12-11 23:14:26,614 WARNING: Timeout loading https://www.elevanceskills.com/projects/learn-to-hack-real-time-operating-systems
2025-12-11 23:14:27,443 INFO: Crawling https://www.elevanceskills.com/faq (16/150)
2025-12-11 23:14:37,870 WARNING: Timeout loading https://www.elevanceskills.com/projects/learn-to-hack-real-time-operating-systems
2025-12-11 23:14:38,699 INFO: Crawling https://www.elevanceskills.com/faq (16/150)
2025-12-11 23:14:39,848 WARNING: Timeout loading https://www.elevanceskills.com/projects/learn-to-hack-real-time-operating-systems
2025-12-11 23:14:40,677 INFO: Crawling https://www.elevanceskills.com/faq (16/150)
2025-12-11 23:14:47,675 WARNING: Timeout loading https://www.elevanceskills.com/faq
2025-12-11 23:14:48,504 INFO: Crawling https://www.elevanceskills.com/projects/real-time-twitter-data-analytics-power-bi-cwCCEAggk (17/150)
2025-12-11 23:14:58,940 WARNING: Timeout loading https://www.elevanceskills.com/faq
2025-12-11 23:14:59,769 INFO: Crawling https://www.elevanceskills.com/projects/real-time-twitter-data-analytics-power-bi-cwCCEAggk (17/150)
2025-12-11 23:15:00,911 WARNING: Timeout loading https://www.elevanceskills.com/faq
2025-12-11 23:15:01,747 INFO: Crawling https://www.elevanceskills.com/projects/real-time-twitter-data-analytics-power-bi-cwCCEAggk (17/150)
2025-12-11 23:15:08,737 WARNING: Timeout loading https://www.elevanceskills.com/projects/real-time-twitter-data-analytics-power-bi-cwCCEAggk
2025-12-11 23:15:09,564 INFO: Crawling https://www.elevanceskills.com/register (18/150)
2025-12-11 23:15:20,004 WARNING: Timeout loading https://www.elevanceskills.com/projects/real-time-twitter-data-analytics-power-bi-cwCCEAggk
2025-12-11 23:15:20,831 INFO: Crawling https://www.elevanceskills.com/register (18/150)
2025-12-11 23:15:21,980 WARNING: Timeout loading https://www.elevanceskills.com/projects/real-time-twitter-data-analytics-power-bi-cwCCEAggk
2025-12-11 23:15:22,810 INFO: Crawling https://www.elevanceskills.com/register (18/150)
2025-12-11 23:15:29,796 WARNING: Timeout loading https://www.elevanceskills.com/register
2025-12-11 23:15:30,627 INFO: Crawling https://www.elevanceskills.com/projects/learn-to-build-a-real-time-application-for-emotional-detector (19/150)
2025-12-11 23:15:41,061 WARNING: Timeout loading https://www.elevanceskills.com/register
2025-12-11 23:15:41,889 INFO: Crawling https://www.elevanceskills.com/projects/learn-to-build-a-real-time-application-for-emotional-detector (19/150)
2025-12-11 23:15:43,047 WARNING: Timeout loading https://www.elevanceskills.com/register
2025-12-11 23:15:43,877 INFO: Crawling https://www.elevanceskills.com/projects/learn-to-build-a-real-time-application-for-emotional-detector (19/150)
2025-12-11 23:15:50,865 WARNING: Timeout loading https://www.elevanceskills.com/projects/learn-to-build-a-real-time-application-for-emotional-detector
2025-12-11 23:15:51,692 INFO: Crawling https://www.elevanceskills.com/privacy (20/150)
2025-12-11 23:15:52,000 WARNING: Playwright error on https://www.elevanceskills.com/projects/learn-to-build-a-real-time-application-for-emotional-detector: Page.goto: net::ERR_NETWORK_IO_SUSPENDED at https://www.elevanceskills.com/projects/learn-to-build-a-real-time-application-for-emotional-detector
Call log:
  - navigating to "https://www.elevanceskills.com/projects/learn-to-build-a-real-time-application-for-emotional-detector", waiting until "networkidle"

2025-12-11 23:15:52,000 WARNING: Playwright error on https://www.elevanceskills.com/projects/learn-to-build-a-real-time-application-for-emotional-detector: Page.goto: net::ERR_NETWORK_IO_SUSPENDED at https://www.elevanceskills.com/projects/learn-to-build-a-real-time-application-for-emotional-detector
Call log:
  - navigating to "https://www.elevanceskills.com/projects/learn-to-build-a-real-time-application-for-emotional-detector", waiting until "networkidle"

2025-12-11 23:15:52,001 WARNING: Playwright error on https://www.elevanceskills.com/privacy: Page.goto: net::ERR_NETWORK_IO_SUSPENDED at https://www.elevanceskills.com/privacy
Call log:
  - navigating to "https://www.elevanceskills.com/privacy", waiting until "networkidle"

2025-12-11 23:15:52,947 INFO: Crawling https://www.elevanceskills.com/privacy (20/150)
2025-12-11 23:15:52,948 INFO: Crawling https://www.elevanceskills.com/login (21/150)
2025-12-11 23:15:52,951 INFO: Crawling https://www.elevanceskills.com/privacy (20/150)
2025-12-11 23:16:22,247 WARNING: Timeout loading https://www.elevanceskills.com/privacy
2025-12-11 23:16:22,247 WARNING: Timeout loading https://www.elevanceskills.com/privacy
2025-12-11 23:16:22,248 WARNING: Timeout loading https://www.elevanceskills.com/login
2025-12-11 23:16:23,184 INFO: Crawling https://www.elevanceskills.com/partner (22/150)
2025-12-11 23:16:23,184 INFO: Crawling https://www.elevanceskills.com/login (21/150)
2025-12-11 23:16:23,184 INFO: Crawling https://www.elevanceskills.com/login (21/150)
2025-12-11 23:16:26,742 INFO: sitemap fetch failed: HTTPSConnectionPool(host='www.elevanceskills.com', port=443): Max retries exceeded with url: /sitemap.xml (Caused by ConnectTimeoutError(<HTTPSConnection(host='www.elevanceskills.com', port=443) at 0x158fc5d00>, 'Connection to www.elevanceskills.com timed out. (connect timeout=8)'))
2025-12-11 23:16:31,748 WARNING: robots.txt check failed: HTTPSConnectionPool(host='www.elevanceskills.com', port=443): Max retries exceeded with url: /robots.txt (Caused by ConnectTimeoutError(<HTTPSConnection(host='www.elevanceskills.com', port=443) at 0x158dbe240>, 'Connection to www.elevanceskills.com timed out. (connect timeout=5)'))
2025-12-11 23:16:31,749 INFO: Crawling https://www.elevanceskills.com/ (1/150)
2025-12-11 23:16:56,857 WARNING: Timeout loading https://www.elevanceskills.com/partner
2025-12-11 23:16:56,858 WARNING: Timeout loading https://www.elevanceskills.com/login
2025-12-11 23:16:56,858 WARNING: Timeout loading https://www.elevanceskills.com/login
2025-12-11 23:16:57,222 WARNING: Playwright error on https://www.elevanceskills.com/: Page.goto: net::ERR_NAME_NOT_RESOLVED at https://www.elevanceskills.com/
Call log:
  - navigating to "https://www.elevanceskills.com/", waiting until "networkidle"

2025-12-11 23:16:57,718 INFO: Crawling https://www.elevanceskills.com/proof (23/150)
2025-12-11 23:16:57,719 INFO: Crawling https://www.elevanceskills.com/partner (22/150)
2025-12-11 23:16:57,746 INFO: Crawling https://www.elevanceskills.com/partner (22/150)
2025-12-11 23:16:58,035 WARNING: Playwright error on https://www.elevanceskills.com/proof: Page.goto: net::ERR_INTERNET_DISCONNECTED at https://www.elevanceskills.com/proof
Call log:
  - navigating to "https://www.elevanceskills.com/proof", waiting until "networkidle"

2025-12-11 23:16:58,044 WARNING: Playwright error on https://www.elevanceskills.com/partner: Page.goto: net::ERR_INTERNET_DISCONNECTED at https://www.elevanceskills.com/partner
Call log:
  - navigating to "https://www.elevanceskills.com/partner", waiting until "networkidle"

2025-12-11 23:16:58,055 WARNING: Playwright error on https://www.elevanceskills.com/partner: Page.goto: net::ERR_INTERNET_DISCONNECTED at https://www.elevanceskills.com/partner
Call log:
  - navigating to "https://www.elevanceskills.com/partner", waiting until "networkidle"

2025-12-11 23:16:58,141 INFO: Saved 0 pages
2025-12-11 23:16:58,884 INFO: Crawling https://intern.elevanceskills.com (24/150)
2025-12-11 23:16:58,907 INFO: Crawling https://www.elevanceskills.com/proof (23/150)
2025-12-11 23:16:58,907 INFO: Crawling https://www.elevanceskills.com/proof (23/150)
2025-12-11 23:16:59,211 WARNING: Playwright error on https://www.elevanceskills.com/proof: Page.goto: net::ERR_INTERNET_DISCONNECTED at https://www.elevanceskills.com/proof
Call log:
  - navigating to "https://www.elevanceskills.com/proof", waiting until "networkidle"

2025-12-11 23:16:59,219 WARNING: Playwright error on https://www.elevanceskills.com/proof: Page.goto: net::ERR_INTERNET_DISCONNECTED at https://www.elevanceskills.com/proof
Call log:
  - navigating to "https://www.elevanceskills.com/proof", waiting until "networkidle"

2025-12-11 23:16:59,227 WARNING: Playwright error on https://intern.elevanceskills.com: Page.goto: net::ERR_INTERNET_DISCONNECTED at https://intern.elevanceskills.com/
Call log:
  - navigating to "https://intern.elevanceskills.com/", waiting until "networkidle"

2025-12-11 23:17:00,067 INFO: Saved 2 pages
2025-12-11 23:17:00,068 INFO: Crawling https://intern.elevanceskills.com (24/150)
2025-12-11 23:17:00,068 INFO: Crawling https://intern.elevanceskills.com (24/150)
2025-12-11 23:18:58,749 WARNING: Timeout loading https://intern.elevanceskills.com
2025-12-11 23:18:58,749 WARNING: Timeout loading https://intern.elevanceskills.com
2025-12-11 23:18:59,589 INFO: Saved 2 pages
2025-12-11 23:18:59,601 INFO: Saved 2 pages
2025-12-11 23:19:46,076 INFO: Sitemap parsed: 21 URLs
2025-12-11 23:19:46,208 INFO: Crawling https://www.elevanceskills.com/projects/learn-to-build-a-real-time-website-like-youtube (1/150)
2025-12-11 23:19:48,812 INFO: Sitemap parsed: 21 URLs
2025-12-11 23:19:49,364 INFO: Crawling https://www.elevanceskills.com/projects/learn-to-build-a-real-time-website-like-youtube (1/150)
2025-12-11 23:19:50,533 INFO: Crawling https://www.elevanceskills.com/blog (2/150)
2025-12-11 23:19:53,026 INFO: Crawling https://www.elevanceskills.com/blog (2/150)
2025-12-11 23:19:54,121 INFO: Crawling https://www.elevanceskills.com/projects/learn-to-build-real-time-website-like-make-my-trip-spring-boot-java (3/150)
2025-12-11 23:19:56,140 INFO: Crawling https://www.elevanceskills.com/projects/learn-to-build-real-time-website-like-make-my-trip-spring-boot-java (3/150)
2025-12-11 23:20:02,423 INFO: Crawling https://www.elevanceskills.com/contact (4/150)
2025-12-11 23:20:02,715 INFO: Crawling https://www.elevanceskills.com/contact (4/150)
2025-12-11 23:20:05,117 INFO: Crawling https://www.elevanceskills.com/about (5/150)
2025-12-11 23:20:05,389 INFO: Crawling https://www.elevanceskills.com/about (5/150)
2025-12-11 23:20:18,581 INFO: Crawling https://www.elevanceskills.com/terms (6/150)
2025-12-11 23:20:18,921 INFO: Crawling https://www.elevanceskills.com/terms (6/150)
2025-12-11 23:20:21,475 INFO: Crawling https://www.elevanceskills.com/projects/learn-to-hack-a-real-time-android-os-QP-Jgfo4M (7/150)
2025-12-11 23:20:21,822 INFO: Crawling https://www.elevanceskills.com/projects/learn-to-hack-a-real-time-android-os-QP-Jgfo4M (7/150)
2025-12-11 23:20:25,488 INFO: Crawling https://www.elevanceskills.com/projects/real-time-google-play-store-data-analytics-python (8/150)
2025-12-11 23:20:25,589 INFO: Crawling https://www.elevanceskills.com/projects/real-time-google-play-store-data-analytics-python (8/150)
2025-12-11 23:20:29,023 INFO: Crawling https://www.elevanceskills.com/projects/learn-to-build-a-real-time-gen-ai-customer-support (9/150)
2025-12-11 23:20:29,154 INFO: Crawling https://www.elevanceskills.com/projects/learn-to-build-a-real-time-gen-ai-customer-support (9/150)
2025-12-11 23:20:32,512 INFO: Crawling https://www.elevanceskills.com/projects/real-time-security-operations-center-soc-project (10/150)
2025-12-11 23:20:32,681 INFO: Crawling https://www.elevanceskills.com/projects/real-time-security-operations-center-soc-project (10/150)
2025-12-11 23:20:36,169 INFO: Crawling https://www.elevanceskills.com/projects/learn-to-build-real-time-sales-dashboard-google-looker (11/150)
2025-12-11 23:20:36,373 INFO: Crawling https://www.elevanceskills.com/projects/learn-to-build-real-time-sales-dashboard-google-looker (11/150)
2025-12-11 23:20:43,474 INFO: Crawling https://www.elevanceskills.com/projects (12/150)
2025-12-11 23:20:45,081 INFO: Crawling https://www.elevanceskills.com/projects (12/150)
2025-12-11 23:20:53,464 INFO: Crawling https://www.elevanceskills.com/ (13/150)
2025-12-11 23:20:57,556 INFO: Crawling https://www.elevanceskills.com/ (13/150)
2025-12-11 23:20:58,290 INFO: Crawling https://www.elevanceskills.com/projects/learn-to-build-a-real-time-application-for-gender-and-age-detector (14/150)
2025-12-11 23:21:01,809 INFO: Crawling https://www.elevanceskills.com/projects/learn-to-build-a-real-time-application-for-gender-and-age-detector (14/150)
2025-12-11 23:21:02,015 INFO: Crawling https://www.elevanceskills.com/projects/learn-to-hack-real-time-operating-systems (15/150)
2025-12-11 23:21:05,240 INFO: Crawling https://www.elevanceskills.com/projects/learn-to-hack-real-time-operating-systems (15/150)
2025-12-11 23:21:05,505 INFO: Crawling https://www.elevanceskills.com/faq (16/150)
2025-12-11 23:21:08,341 INFO: Crawling https://www.elevanceskills.com/projects/real-time-twitter-data-analytics-power-bi-cwCCEAggk (17/150)
2025-12-11 23:21:08,747 INFO: Crawling https://www.elevanceskills.com/faq (16/150)
2025-12-11 23:21:11,457 INFO: Crawling https://www.elevanceskills.com/projects/real-time-twitter-data-analytics-power-bi-cwCCEAggk (17/150)
2025-12-11 23:21:11,850 INFO: Crawling https://www.elevanceskills.com/register (18/150)
2025-12-11 23:21:14,532 INFO: Crawling https://www.elevanceskills.com/projects/learn-to-build-a-real-time-application-for-emotional-detector (19/150)
2025-12-11 23:21:15,130 INFO: Crawling https://www.elevanceskills.com/register (18/150)
2025-12-11 23:21:19,940 INFO: Crawling https://www.elevanceskills.com/projects/learn-to-build-a-real-time-application-for-emotional-detector (19/150)
2025-12-11 23:21:20,006 INFO: Crawling https://www.elevanceskills.com/privacy (20/150)
2025-12-11 23:21:23,389 INFO: Crawling https://www.elevanceskills.com/login (21/150)
2025-12-11 23:21:24,101 INFO: Crawling https://www.elevanceskills.com/privacy (20/150)
2025-12-11 23:21:26,055 INFO: Crawling https://www.elevanceskills.com/partner (22/150)
2025-12-11 23:21:26,940 INFO: Crawling https://www.elevanceskills.com/login (21/150)
